TN:
SF:src/modules/appointments/services/CreateAppointmentService.ts
FN:71,__decorate
FN:71,__metadata
FN:71,__param
FN:71,__awaiter
FN:71,adopt
FN:71,fulfilled
FN:71,rejected
FN:71,step
FN:71,__generator
FN:71,sent
FN:71,g.<computed>
FN:71,verb
FN:71,step
FN:71,__importDefault
FN:19,CreateAppointmentService
FN:31,CreateAppointmentService.execute
FNF:16
FNH:14
FNDA:1,__decorate
FNDA:1,__metadata
FNDA:2,__param
FNDA:4,__awaiter
FNDA:11,adopt
FNDA:11,fulfilled
FNDA:0,rejected
FNDA:14,step
FNDA:4,__generator
FNDA:11,sent
FNDA:0,g.<computed>
FNDA:12,verb
FNDA:15,step
FNDA:1,__importDefault
FNDA:3,CreateAppointmentService
FNDA:4,CreateAppointmentService.execute
DA:1,1
DA:2,1
DA:3,1
DA:4,1
DA:5,1
DA:6,1
DA:7,1
DA:8,1
DA:9,1
DA:10,1
DA:11,1
DA:12,1
DA:13,1
DA:14,1
DA:15,1
DA:16,1
DA:17,1
DA:18,1
DA:19,1
DA:20,3
DA:21,3
DA:22,3
DA:23,3
DA:24,3
DA:25,3
DA:26,3
DA:27,3
DA:28,1
DA:29,1
DA:30,1
DA:31,1
DA:32,4
DA:33,4
DA:34,4
DA:35,4
DA:36,4
DA:37,4
DA:38,4
DA:39,4
DA:40,4
DA:41,4
DA:42,4
DA:43,4
DA:44,4
DA:45,0
DA:46,0
DA:47,4
DA:48,4
DA:49,4
DA:50,4
DA:51,1
DA:52,1
DA:53,1
DA:54,1
DA:55,3
DA:56,3
DA:57,3
DA:58,3
DA:59,3
DA:60,3
DA:61,3
DA:62,3
DA:63,3
DA:64,4
DA:65,4
DA:66,4
DA:67,4
DA:68,4
DA:69,1
DA:70,1
DA:71,1
LF:71
LH:69
BRDA:71,0,0,1
BRDA:71,1,0,1
BRDA:71,2,0,0
BRDA:71,3,0,0
BRDA:71,4,0,0
BRDA:71,5,0,0
BRDA:71,6,0,1
BRDA:71,7,0,2
BRDA:71,8,0,2
BRDA:71,9,0,4
BRDA:71,10,0,11
BRDA:71,11,0,0
BRDA:71,12,0,4
BRDA:71,13,0,11
BRDA:71,14,0,10
BRDA:71,15,0,1
BRDA:71,16,0,14
BRDA:71,17,0,3
BRDA:71,18,0,11
BRDA:71,19,0,4
BRDA:71,20,0,11
BRDA:71,21,0,0
BRDA:71,22,0,12
BRDA:71,23,0,15
BRDA:71,24,0,15
BRDA:71,25,0,0
BRDA:71,26,0,30
BRDA:71,27,0,0
BRDA:71,28,0,0
BRDA:71,29,0,0
BRDA:71,30,0,0
BRDA:71,31,0,15
BRDA:71,32,0,15
BRDA:71,33,0,11
BRDA:71,34,0,0
BRDA:71,35,0,0
BRDA:71,36,0,4
BRDA:71,37,0,0
BRDA:71,38,0,3
BRDA:71,39,0,0
BRDA:71,40,0,0
BRDA:71,41,0,0
BRDA:71,42,0,0
BRDA:71,43,0,15
BRDA:71,44,0,14
BRDA:71,45,0,1
BRDA:71,46,0,15
BRDA:71,47,0,4
BRDA:71,48,0,1
BRDA:71,49,0,3
BRDA:71,50,0,0
BRDA:71,51,0,1
BRDA:71,52,0,0
BRDA:17,53,0,1
BRDA:19,54,0,3
BRDA:31,55,0,4
BRDA:71,56,0,4
BRDA:71,57,0,15
BRDA:71,58,0,4
BRDA:71,59,0,4
BRDA:71,60,0,4
BRDA:44,61,0,0
BRDA:50,62,0,1
BRDA:54,63,0,3
BRDA:71,64,0,3
BRF:65
BRH:44
end_of_record
TN:
SF:src/modules/users/services/AuthenticateUserService.ts
FN:72,__decorate
FN:72,__metadata
FN:72,__param
FN:72,__awaiter
FN:72,adopt
FN:72,fulfilled
FN:72,rejected
FN:72,step
FN:72,__generator
FN:72,sent
FN:72,g.<computed>
FN:72,verb
FN:72,step
FN:72,__importDefault
FN:29,AuthenticateUserService
FN:37,AuthenticateUserService.execute
FNF:16
FNH:14
FNDA:1,__decorate
FNDA:1,__metadata
FNDA:2,__param
FNDA:1,__awaiter
FNDA:2,adopt
FNDA:2,fulfilled
FNDA:0,rejected
FNDA:3,step
FNDA:1,__generator
FNDA:2,sent
FNDA:0,g.<computed>
FNDA:3,verb
FNDA:3,step
FNDA:2,__importDefault
FNDA:1,AuthenticateUserService
FNDA:1,AuthenticateUserService.execute
DA:1,1
DA:2,1
DA:3,1
DA:4,1
DA:5,1
DA:6,1
DA:7,1
DA:8,1
DA:9,1
DA:10,1
DA:11,1
DA:12,1
DA:13,1
DA:14,1
DA:15,1
DA:16,1
DA:17,1
DA:18,1
DA:19,1
DA:20,1
DA:21,1
DA:22,1
DA:23,1
DA:24,1
DA:25,1
DA:26,1
DA:27,1
DA:28,1
DA:29,1
DA:30,1
DA:31,1
DA:32,1
DA:33,1
DA:34,1
DA:35,1
DA:36,1
DA:37,1
DA:38,1
DA:39,1
DA:40,1
DA:41,1
DA:42,1
DA:43,1
DA:44,1
DA:45,1
DA:46,0
DA:47,0
DA:48,1
DA:49,1
DA:50,1
DA:51,1
DA:52,0
DA:53,0
DA:54,1
DA:55,1
DA:56,1
DA:57,1
DA:58,1
DA:59,1
DA:60,1
DA:61,1
DA:62,1
DA:63,1
DA:64,1
DA:65,1
DA:66,1
DA:67,1
DA:68,1
DA:69,1
DA:70,1
DA:71,1
DA:72,1
LF:72
LH:68
BRDA:72,0,0,1
BRDA:72,1,0,1
BRDA:72,2,0,0
BRDA:72,3,0,0
BRDA:72,4,0,0
BRDA:72,5,0,0
BRDA:72,6,0,1
BRDA:72,7,0,2
BRDA:72,8,0,2
BRDA:72,9,0,1
BRDA:72,10,0,2
BRDA:72,11,0,0
BRDA:72,12,0,1
BRDA:72,13,0,2
BRDA:72,14,0,0
BRDA:72,15,0,3
BRDA:72,16,0,1
BRDA:72,17,0,2
BRDA:72,18,0,1
BRDA:72,19,0,2
BRDA:72,20,0,0
BRDA:72,21,0,3
BRDA:72,22,0,3
BRDA:72,23,0,3
BRDA:72,24,0,0
BRDA:72,25,0,6
BRDA:72,26,0,0
BRDA:72,27,0,0
BRDA:72,28,0,0
BRDA:72,29,0,0
BRDA:72,30,0,3
BRDA:72,31,0,3
BRDA:72,32,0,2
BRDA:72,33,0,0
BRDA:72,34,0,0
BRDA:72,35,0,1
BRDA:72,36,0,0
BRDA:72,37,0,0
BRDA:72,38,0,0
BRDA:72,39,0,0
BRDA:72,40,0,0
BRDA:72,41,0,3
BRDA:72,42,0,0
BRDA:72,43,0,3
BRDA:72,44,0,1
BRDA:72,45,0,0
BRDA:72,46,0,1
BRDA:72,47,0,0
BRDA:72,48,0,2
BRDA:72,49,0,0
BRDA:27,50,0,1
BRDA:29,51,0,1
BRDA:37,52,0,1
BRDA:72,53,0,1
BRDA:72,54,0,3
BRDA:40,55,0,1
BRDA:72,56,0,1
BRDA:45,57,0,0
BRDA:72,58,0,1
BRDA:51,59,0,0
BRF:60
BRH:35
end_of_record
TN:
SF:src/modules/users/services/CreateUserService.ts
FN:50,__decorate
FN:50,__metadata
FN:50,__param
FN:50,__awaiter
FN:50,adopt
FN:50,fulfilled
FN:50,rejected
FN:50,step
FN:50,__generator
FN:50,sent
FN:50,g.<computed>
FN:50,verb
FN:50,step
FN:20,CreateUserService
FN:28,CreateUserService.execute
FNF:15
FNH:13
FNDA:3,__decorate
FNDA:3,__metadata
FNDA:6,__param
FNDA:4,__awaiter
FNDA:8,adopt
FNDA:8,fulfilled
FNDA:0,rejected
FNDA:12,step
FNDA:4,__generator
FNDA:8,sent
FNDA:0,g.<computed>
FNDA:12,verb
FNDA:12,step
FNDA:4,CreateUserService
FNDA:4,CreateUserService.execute
DA:1,1
DA:2,1
DA:3,1
DA:4,1
DA:5,1
DA:6,1
DA:7,1
DA:8,1
DA:9,1
DA:10,1
DA:11,1
DA:12,1
DA:13,1
DA:14,1
DA:15,1
DA:16,1
DA:17,1
DA:18,3
DA:19,3
DA:20,3
DA:21,4
DA:22,4
DA:23,4
DA:24,4
DA:25,4
DA:26,4
DA:27,3
DA:28,3
DA:29,4
DA:30,4
DA:31,4
DA:32,4
DA:33,4
DA:34,0
DA:35,0
DA:36,4
DA:37,4
DA:38,4
DA:39,4
DA:40,4
DA:41,4
DA:42,4
DA:43,4
DA:44,4
DA:45,4
DA:46,4
DA:47,4
DA:48,3
DA:49,1
DA:50,1
LF:50
LH:48
BRDA:50,0,0,3
BRDA:50,1,0,3
BRDA:50,2,0,0
BRDA:50,3,0,0
BRDA:50,4,0,0
BRDA:50,5,0,0
BRDA:50,6,0,3
BRDA:50,7,0,6
BRDA:50,8,0,6
BRDA:50,9,0,4
BRDA:50,10,0,8
BRDA:50,11,0,0
BRDA:50,12,0,4
BRDA:50,13,0,8
BRDA:50,14,0,0
BRDA:50,15,0,12
BRDA:50,16,0,4
BRDA:50,17,0,8
BRDA:50,18,0,4
BRDA:50,19,0,8
BRDA:50,20,0,0
BRDA:50,21,0,12
BRDA:50,22,0,12
BRDA:50,23,0,12
BRDA:50,24,0,0
BRDA:50,25,0,24
BRDA:50,26,0,0
BRDA:50,27,0,0
BRDA:50,28,0,0
BRDA:50,29,0,0
BRDA:50,30,0,12
BRDA:50,31,0,12
BRDA:50,32,0,8
BRDA:50,33,0,0
BRDA:50,34,0,0
BRDA:50,35,0,4
BRDA:50,36,0,0
BRDA:50,37,0,0
BRDA:50,38,0,0
BRDA:50,39,0,0
BRDA:50,40,0,0
BRDA:50,41,0,12
BRDA:50,42,0,0
BRDA:50,43,0,12
BRDA:50,44,0,4
BRDA:50,45,0,0
BRDA:50,46,0,4
BRDA:50,47,0,0
BRDA:18,48,0,3
BRDA:20,49,0,4
BRDA:28,50,0,4
BRDA:50,51,0,4
BRDA:50,52,0,12
BRDA:31,53,0,4
BRDA:50,54,0,4
BRDA:33,55,0,0
BRDA:50,56,0,4
BRF:57
BRH:34
end_of_record
TN:
SF:src/modules/users/services/ResetPasswordService.ts
FN:59,__decorate
FN:59,__metadata
FN:59,__param
FN:59,__awaiter
FN:59,adopt
FN:59,fulfilled
FN:59,rejected
FN:59,step
FN:59,__generator
FN:59,sent
FN:59,g.<computed>
FN:59,verb
FN:59,step
FN:59,__importDefault
FN:23,ResetPasswordService
FN:35,ResetPasswordService.execute
FNF:16
FNH:14
FNDA:1,__decorate
FNDA:1,__metadata
FNDA:3,__param
FNDA:4,__awaiter
FNDA:9,adopt
FNDA:9,fulfilled
FNDA:0,rejected
FNDA:10,step
FNDA:4,__generator
FNDA:9,sent
FNDA:0,g.<computed>
FNDA:12,verb
FNDA:13,step
FNDA:1,__importDefault
FNDA:4,ResetPasswordService
FNDA:4,ResetPasswordService.execute
DA:1,1
DA:2,1
DA:3,1
DA:4,1
DA:5,1
DA:6,1
DA:7,1
DA:8,1
DA:9,1
DA:10,1
DA:11,1
DA:12,1
DA:13,1
DA:14,1
DA:15,1
DA:16,1
DA:17,1
DA:18,1
DA:19,1
DA:20,1
DA:21,1
DA:22,1
DA:23,1
DA:24,4
DA:25,4
DA:26,4
DA:27,4
DA:28,4
DA:29,4
DA:30,4
DA:31,4
DA:32,4
DA:33,4
DA:34,1
DA:35,1
DA:36,4
DA:37,4
DA:38,4
DA:39,4
DA:40,1
DA:41,1
DA:42,3
DA:43,4
DA:44,4
DA:45,1
DA:46,1
DA:47,2
DA:48,2
DA:49,2
DA:50,4
DA:51,1
DA:52,1
DA:53,1
DA:54,1
DA:55,4
DA:56,4
DA:57,1
DA:58,1
DA:59,1
LF:59
LH:59
BRDA:59,0,0,1
BRDA:59,1,0,1
BRDA:59,2,0,0
BRDA:59,3,0,0
BRDA:59,4,0,0
BRDA:59,5,0,0
BRDA:59,6,0,1
BRDA:59,7,0,3
BRDA:59,8,0,3
BRDA:59,9,0,4
BRDA:59,10,0,9
BRDA:59,11,0,0
BRDA:59,12,0,4
BRDA:59,13,0,9
BRDA:59,14,0,6
BRDA:59,15,0,3
BRDA:59,16,0,10
BRDA:59,17,0,1
BRDA:59,18,0,9
BRDA:59,19,0,4
BRDA:59,20,0,9
BRDA:59,21,0,0
BRDA:59,22,0,12
BRDA:59,23,0,13
BRDA:59,24,0,13
BRDA:59,25,0,0
BRDA:59,26,0,26
BRDA:59,27,0,0
BRDA:59,28,0,0
BRDA:59,29,0,0
BRDA:59,30,0,0
BRDA:59,31,0,13
BRDA:59,32,0,13
BRDA:59,33,0,9
BRDA:59,34,0,0
BRDA:59,35,0,0
BRDA:59,36,0,4
BRDA:59,37,0,0
BRDA:59,38,0,1
BRDA:59,39,0,0
BRDA:59,40,0,0
BRDA:59,41,0,0
BRDA:59,42,0,0
BRDA:59,43,0,13
BRDA:59,44,0,10
BRDA:59,45,0,3
BRDA:59,46,0,13
BRDA:59,47,0,4
BRDA:59,48,0,3
BRDA:59,49,0,1
BRDA:59,50,0,0
BRDA:59,51,0,1
BRDA:59,52,0,0
BRDA:21,53,0,1
BRDA:23,54,0,4
BRDA:35,55,0,4
BRDA:59,56,0,4
BRDA:59,57,0,13
BRDA:36,58,0,4
BRDA:59,59,0,4
BRDA:39,60,0,1
BRDA:41,61,0,3
BRDA:59,62,0,3
BRDA:44,63,0,1
BRDA:46,64,0,2
BRDA:50,65,0,1
BRDA:59,66,0,1
BRDA:59,67,0,1
BRF:68
BRH:48
end_of_record
TN:
SF:src/modules/users/services/SendForgotPasswordEmailService.ts
FN:46,__decorate
FN:46,__metadata
FN:46,__param
FN:46,__awaiter
FN:46,adopt
FN:46,fulfilled
FN:46,rejected
FN:46,step
FN:46,__generator
FN:46,sent
FN:46,g.<computed>
FN:46,verb
FN:46,step
FN:46,__importDefault
FN:19,SendForgotPasswordEmailService
FN:31,SendForgotPasswordEmailService.execute
FNF:16
FNH:14
FNDA:1,__decorate
FNDA:1,__metadata
FNDA:3,__param
FNDA:3,__awaiter
FNDA:5,adopt
FNDA:5,fulfilled
FNDA:0,rejected
FNDA:7,step
FNDA:3,__generator
FNDA:5,sent
FNDA:0,g.<computed>
FNDA:9,verb
FNDA:8,step
FNDA:1,__importDefault
FNDA:3,SendForgotPasswordEmailService
FNDA:3,SendForgotPasswordEmailService.execute
DA:1,1
DA:2,1
DA:3,1
DA:4,1
DA:5,1
DA:6,1
DA:7,1
DA:8,1
DA:9,1
DA:10,1
DA:11,1
DA:12,1
DA:13,1
DA:14,1
DA:15,1
DA:16,1
DA:17,1
DA:18,1
DA:19,1
DA:20,3
DA:21,3
DA:22,3
DA:23,3
DA:24,3
DA:25,3
DA:26,3
DA:27,3
DA:28,3
DA:29,3
DA:30,1
DA:31,1
DA:32,3
DA:33,3
DA:34,3
DA:35,3
DA:36,1
DA:37,1
DA:38,2
DA:39,2
DA:40,3
DA:41,3
DA:42,3
DA:43,3
DA:44,1
DA:45,1
DA:46,1
LF:46
LH:46
BRDA:46,0,0,1
BRDA:46,1,0,1
BRDA:46,2,0,0
BRDA:46,3,0,0
BRDA:46,4,0,0
BRDA:46,5,0,0
BRDA:46,6,0,1
BRDA:46,7,0,3
BRDA:46,8,0,3
BRDA:46,9,0,3
BRDA:46,10,0,5
BRDA:46,11,0,0
BRDA:46,12,0,3
BRDA:46,13,0,5
BRDA:46,14,0,4
BRDA:46,15,0,1
BRDA:46,16,0,7
BRDA:46,17,0,2
BRDA:46,18,0,5
BRDA:46,19,0,3
BRDA:46,20,0,5
BRDA:46,21,0,0
BRDA:46,22,0,9
BRDA:46,23,0,8
BRDA:46,24,0,8
BRDA:46,25,0,0
BRDA:46,26,0,16
BRDA:46,27,0,0
BRDA:46,28,0,0
BRDA:46,29,0,0
BRDA:46,30,0,0
BRDA:46,31,0,8
BRDA:46,32,0,8
BRDA:46,33,0,5
BRDA:46,34,0,0
BRDA:46,35,0,0
BRDA:46,36,0,3
BRDA:46,37,0,0
BRDA:46,38,0,2
BRDA:46,39,0,0
BRDA:46,40,0,0
BRDA:46,41,0,0
BRDA:46,42,0,0
BRDA:46,43,0,8
BRDA:46,44,0,7
BRDA:46,45,0,1
BRDA:46,46,0,8
BRDA:46,47,0,3
BRDA:46,48,0,1
BRDA:46,49,0,2
BRDA:46,50,0,0
BRDA:46,51,0,1
BRDA:46,52,0,0
BRDA:17,53,0,1
BRDA:19,54,0,3
BRDA:31,55,0,3
BRDA:46,56,0,3
BRDA:46,57,0,8
BRDA:32,58,0,3
BRDA:46,59,0,3
BRDA:35,60,0,1
BRDA:37,61,0,2
BRDA:46,62,0,2
BRF:63
BRH:43
end_of_record
TN:
SF:src/modules/users/services/UpdateUserAvatarService.ts
FN:58,__decorate
FN:58,__metadata
FN:58,__param
FN:58,__awaiter
FN:58,adopt
FN:58,fulfilled
FN:58,rejected
FN:58,step
FN:58,__generator
FN:58,sent
FN:58,g.<computed>
FN:58,verb
FN:58,step
FN:58,__importDefault
FN:20,UpdateUserAvatarService
FN:30,UpdateUserAvatarService.execute
FNF:16
FNH:14
FNDA:1,__decorate
FNDA:1,__metadata
FNDA:2,__param
FNDA:1,__awaiter
FNDA:3,adopt
FNDA:3,fulfilled
FNDA:0,rejected
FNDA:4,step
FNDA:1,__generator
FNDA:3,sent
FNDA:0,g.<computed>
FNDA:3,verb
FNDA:4,step
FNDA:1,__importDefault
FNDA:1,UpdateUserAvatarService
FNDA:1,UpdateUserAvatarService.execute
DA:1,1
DA:2,1
DA:3,1
DA:4,1
DA:5,1
DA:6,1
DA:7,1
DA:8,1
DA:9,1
DA:10,1
DA:11,1
DA:12,1
DA:13,1
DA:14,1
DA:15,1
DA:16,1
DA:17,1
DA:18,1
DA:19,1
DA:20,1
DA:21,1
DA:22,1
DA:23,1
DA:24,1
DA:25,1
DA:26,1
DA:27,1
DA:28,1
DA:29,1
DA:30,1
DA:31,1
DA:32,1
DA:33,1
DA:34,1
DA:35,1
DA:36,0
DA:37,0
DA:38,1
DA:39,1
DA:40,0
DA:41,1
DA:42,1
DA:43,1
DA:44,1
DA:45,1
DA:46,1
DA:47,1
DA:48,1
DA:49,1
DA:50,1
DA:51,1
DA:52,1
DA:53,1
DA:54,1
DA:55,1
DA:56,1
DA:57,1
DA:58,1
LF:58
LH:55
BRDA:58,0,0,1
BRDA:58,1,0,1
BRDA:58,2,0,0
BRDA:58,3,0,0
BRDA:58,4,0,0
BRDA:58,5,0,0
BRDA:58,6,0,1
BRDA:58,7,0,2
BRDA:58,8,0,2
BRDA:58,9,0,1
BRDA:58,10,0,3
BRDA:58,11,0,0
BRDA:58,12,0,1
BRDA:58,13,0,3
BRDA:58,14,0,0
BRDA:58,15,0,4
BRDA:58,16,0,1
BRDA:58,17,0,3
BRDA:58,18,0,1
BRDA:58,19,0,3
BRDA:58,20,0,0
BRDA:58,21,0,3
BRDA:58,22,0,4
BRDA:58,23,0,4
BRDA:58,24,0,0
BRDA:58,25,0,9
BRDA:58,26,0,0
BRDA:58,27,0,0
BRDA:58,28,0,0
BRDA:58,29,0,0
BRDA:58,30,0,4
BRDA:58,31,0,4
BRDA:58,32,0,3
BRDA:58,33,0,0
BRDA:58,34,0,0
BRDA:58,35,0,2
BRDA:58,36,0,0
BRDA:58,37,0,1
BRDA:58,38,0,0
BRDA:58,39,0,1
BRDA:58,40,0,0
BRDA:58,41,0,0
BRDA:58,42,0,0
BRDA:58,43,0,5
BRDA:58,44,0,0
BRDA:58,45,0,5
BRDA:58,46,0,1
BRDA:58,47,0,0
BRDA:58,48,0,1
BRDA:58,49,0,0
BRDA:58,50,0,1
BRDA:58,51,0,0
BRDA:18,52,0,1
BRDA:20,53,0,1
BRDA:30,54,0,1
BRDA:58,55,0,1
BRDA:58,56,0,5
BRDA:33,57,0,1
BRDA:58,58,0,1
BRDA:35,59,0,0
BRDA:39,60,0,0
BRDA:58,61,0,0
BRDA:43,62,0,1
BRDA:58,63,0,1
BRDA:58,64,0,1
BRF:65
BRH:39
end_of_record
